2025-08-09 21:12:34,873 - grand_archive_api - INFO - Database engine created successfully for: sqlite:///./grand_archive.db
2025-08-09 21:12:34,873 - grand_archive_api - INFO - Database session initialized successfully
2025-08-09 21:12:34,918 - grand_archive_api - INFO - Starting Grand Archive Looking Glass API v1.0.0
2025-08-09 21:12:34,919 - grand_archive_api - INFO - Debug mode: False
2025-08-09 21:12:34,919 - grand_archive_api - INFO - Allowed CORS origins: ['http://localhost:3000', 'http://localhost:8000', 'https://grand-archive-looking-glass.vercel.app']
2025-08-09 21:13:58,805 - grand_archive_api - INFO - Database engine created successfully for: sqlite:///./grand_archive.db
2025-08-09 21:13:58,805 - grand_archive_api - INFO - Database session initialized successfully
2025-08-09 21:13:58,850 - grand_archive_api - INFO - Starting Grand Archive Looking Glass API v1.0.0
2025-08-09 21:13:58,850 - grand_archive_api - INFO - Debug mode: False
2025-08-09 21:13:58,850 - grand_archive_api - INFO - Allowed CORS origins: ['http://localhost:3000', 'http://localhost:8000', 'https://grand-archive-looking-glass.vercel.app']
2025-08-09 21:14:31,392 - grand_archive_api - INFO - Database connection test successful
2025-08-09 21:15:34,188 - grand_archive_api - INFO - Database engine created successfully for: sqlite:///./grand_archive.db
2025-08-09 21:15:34,188 - grand_archive_api - INFO - Database session initialized successfully
2025-08-09 21:15:34,232 - grand_archive_api - INFO - Starting Grand Archive Looking Glass API v1.0.0
2025-08-09 21:15:34,233 - grand_archive_api - INFO - Debug mode: False
2025-08-09 21:15:34,233 - grand_archive_api - INFO - Allowed CORS origins: ['http://localhost:3000', 'http://localhost:8000', 'https://grand-archive-looking-glass.vercel.app']
2025-08-09 21:16:19,740 - grand_archive_api - INFO - Database engine created successfully for: sqlite:///./grand_archive.db
2025-08-09 21:16:19,740 - grand_archive_api - INFO - Database session initialized successfully
2025-08-09 21:16:19,751 - grand_archive_api - INFO - Starting Grand Archive Looking Glass API v1.0.0
2025-08-09 21:16:19,751 - grand_archive_api - INFO - Debug mode: False
2025-08-09 21:16:19,751 - grand_archive_api - INFO - Allowed CORS origins: ['http://localhost:3000', 'http://localhost:8000', 'https://grand-archive-looking-glass.vercel.app']
2025-08-09 21:16:25,894 - grand_archive_api - INFO - Database connection test successful
2025-08-09 21:16:41,952 - grand_archive_api - INFO - Database engine created successfully for: sqlite:///./grand_archive.db
2025-08-09 21:16:41,953 - grand_archive_api - INFO - Database session initialized successfully
2025-08-09 21:16:42,000 - grand_archive_api - INFO - Starting Grand Archive Looking Glass API v1.0.0
2025-08-09 21:16:42,000 - grand_archive_api - INFO - Debug mode: False
2025-08-09 21:16:42,000 - grand_archive_api - INFO - Allowed CORS origins: ['http://localhost:3000', 'http://localhost:8000', 'https://grand-archive-looking-glass.vercel.app']
2025-08-09 21:16:54,320 - grand_archive_api - INFO - Database engine created successfully for: sqlite:///./grand_archive.db
2025-08-09 21:16:54,321 - grand_archive_api - INFO - Database session initialized successfully
2025-08-09 21:16:54,358 - grand_archive_api - INFO - Starting Grand Archive Looking Glass API v1.0.0
2025-08-09 21:16:54,358 - grand_archive_api - INFO - Debug mode: False
2025-08-09 21:16:54,358 - grand_archive_api - INFO - Allowed CORS origins: ['http://localhost:3000', 'http://localhost:8000', 'https://grand-archive-looking-glass.vercel.app']
2025-08-09 21:18:59,601 - grand_archive_api - INFO - Database engine created successfully for: sqlite:///./grand_archive.db
2025-08-09 21:18:59,602 - grand_archive_api - INFO - Database session initialized successfully
2025-08-09 21:18:59,647 - grand_archive_api - INFO - Starting Grand Archive Looking Glass API v1.0.0
2025-08-09 21:18:59,647 - grand_archive_api - INFO - Debug mode: False
2025-08-09 21:18:59,647 - grand_archive_api - INFO - Allowed CORS origins: ['http://localhost:3000', 'http://localhost:8000', 'https://grand-archive-looking-glass.vercel.app']
2025-08-09 21:19:18,363 - grand_archive_api - INFO - Database engine created successfully for: sqlite:///./grand_archive.db
2025-08-09 21:19:18,363 - grand_archive_api - INFO - Database session initialized successfully
2025-08-09 21:19:18,413 - grand_archive_api - INFO - Starting Grand Archive Looking Glass API v1.0.0
2025-08-09 21:19:18,413 - grand_archive_api - INFO - Debug mode: False
2025-08-09 21:19:18,413 - grand_archive_api - INFO - Allowed CORS origins: ['http://localhost:3000', 'http://localhost:8000', 'https://grand-archive-looking-glass.vercel.app']
2025-08-09 21:20:21,086 - grand_archive_api - INFO - Database engine created successfully for: sqlite:///./grand_archive.db
2025-08-09 21:20:21,086 - grand_archive_api - INFO - Database session initialized successfully
2025-08-09 21:20:21,107 - grand_archive_api - INFO - Starting Grand Archive Looking Glass API v1.0.0
2025-08-09 21:20:21,107 - grand_archive_api - INFO - Debug mode: False
2025-08-09 21:20:21,107 - grand_archive_api - INFO - Allowed CORS origins: ['http://localhost:3000', 'http://localhost:8000', 'https://grand-archive-looking-glass.vercel.app']
2025-08-09 21:21:53,106 - grand_archive_api - INFO - Database engine created successfully for: sqlite:///./grand_archive.db
2025-08-09 21:21:53,106 - grand_archive_api - INFO - Database session initialized successfully
2025-08-09 21:21:53,143 - grand_archive_api - INFO - Starting Grand Archive Looking Glass API v1.0.0
2025-08-09 21:21:53,143 - grand_archive_api - INFO - Debug mode: True
2025-08-09 21:21:53,143 - grand_archive_api - INFO - Allowed CORS origins: ['http://localhost:3000', 'http://localhost:8000', 'https://grand-archive-looking-glass.vercel.app']
2025-08-09 21:22:01,548 - grand_archive_api - INFO - Database engine created successfully for: sqlite:///./grand_archive.db
2025-08-09 21:22:01,548 - grand_archive_api - INFO - Database session initialized successfully
2025-08-09 21:22:01,587 - grand_archive_api - INFO - Starting Grand Archive Looking Glass API v1.0.0
2025-08-09 21:22:01,588 - grand_archive_api - INFO - Debug mode: True
2025-08-09 21:22:01,588 - grand_archive_api - INFO - Allowed CORS origins: ['http://localhost:3000', 'http://localhost:8000', 'https://grand-archive-looking-glass.vercel.app']
2025-08-09 21:22:45,671 - grand_archive_api - INFO - Database connection test successful
2025-08-09 21:23:15,227 - grand_archive_api - INFO - Database engine created successfully for: sqlite:///./grand_archive.db
2025-08-09 21:23:15,228 - grand_archive_api - INFO - Database session initialized successfully
2025-08-09 21:23:15,265 - grand_archive_api - INFO - Starting Grand Archive Looking Glass API v1.0.0
2025-08-09 21:23:15,265 - grand_archive_api - INFO - Debug mode: True
2025-08-09 21:23:15,265 - grand_archive_api - INFO - Allowed CORS origins: ['http://localhost:3000', 'http://localhost:8000', 'https://grand-archive-looking-glass.vercel.app']
2025-08-09 21:24:44,455 - grand_archive_api - INFO - Database engine created successfully for: sqlite:///./grand_archive.db
2025-08-09 21:24:44,456 - grand_archive_api - INFO - Database session initialized successfully
2025-08-09 21:24:44,495 - grand_archive_api - INFO - Starting Grand Archive Looking Glass API v1.0.0
2025-08-09 21:24:44,495 - grand_archive_api - INFO - Debug mode: True
2025-08-09 21:24:44,495 - grand_archive_api - INFO - Allowed CORS origins: ['http://localhost:3000', 'http://localhost:8000', 'http://localhost:8080', 'https://grand-archive-looking-glass.vercel.app']
2025-08-09 21:26:27,051 - grand_archive_api - INFO - Database connection test successful
2025-08-09 21:30:26,359 - grand_archive_api - INFO - Database engine created successfully for: sqlite:///./grand_archive.db
2025-08-09 21:30:26,359 - grand_archive_api - INFO - Database session initialized successfully
2025-08-09 21:30:26,378 - grand_archive_api - INFO - Starting Grand Archive Looking Glass API v1.0.0
2025-08-09 21:30:26,378 - grand_archive_api - INFO - Debug mode: False
2025-08-09 21:30:26,378 - grand_archive_api - INFO - Allowed CORS origins: ['http://localhost:3000', 'http://localhost:8080', 'https://grand-archive-looking-glass.vercel.app']
2025-08-09 21:30:33,296 - grand_archive_api - INFO - Database connection test successful
2025-08-09 21:33:51,050 - grand_archive_api - INFO - Database engine created successfully for: sqlite:///./grand_archive.db
2025-08-09 21:33:51,050 - grand_archive_api - INFO - Database session initialized successfully
2025-08-09 21:33:51,093 - grand_archive_api - INFO - Starting Grand Archive Looking Glass API v1.0.0
2025-08-09 21:33:51,093 - grand_archive_api - INFO - Debug mode: True
2025-08-09 21:33:51,093 - grand_archive_api - INFO - Allowed CORS origins: ['http://localhost:3000', 'http://localhost:8080', 'https://grand-archive-looking-glass.vercel.app']
2025-08-09 21:36:18,886 - grand_archive_api - INFO - Database connection test successful
2025-08-09 21:54:27,512 - grand_archive_api - INFO - Database engine created successfully for: sqlite:///./grand_archive.db
2025-08-09 21:54:27,512 - grand_archive_api - INFO - Database session initialized successfully
2025-08-09 21:54:27,718 - grand_archive_api - INFO - Starting Grand Archive Looking Glass API v1.0.0
2025-08-09 21:54:27,718 - grand_archive_api - INFO - Debug mode: True
2025-08-09 21:54:27,718 - grand_archive_api - INFO - Allowed CORS origins: ['http://localhost:3000', 'http://localhost:8080', 'https://grand-archive-looking-glass.vercel.app']
2025-08-09 21:56:33,914 - grand_archive_api - INFO - Database engine created successfully for: sqlite:///./grand_archive.db
2025-08-09 21:56:33,914 - grand_archive_api - INFO - Database session initialized successfully
2025-08-09 21:56:33,939 - grand_archive_api - INFO - Starting Grand Archive Looking Glass API v1.0.0
2025-08-09 21:56:33,939 - grand_archive_api - INFO - Debug mode: True
2025-08-09 21:56:33,939 - grand_archive_api - INFO - Allowed CORS origins: ['http://localhost:3000', 'http://localhost:8080', 'https://grand-archive-looking-glass.vercel.app']
2025-08-09 21:56:54,455 - grand_archive_api - INFO - Database engine created successfully for: sqlite:///./grand_archive.db
2025-08-09 21:56:54,455 - grand_archive_api - INFO - Database session initialized successfully
2025-08-09 21:56:54,490 - grand_archive_api - INFO - Starting Grand Archive Looking Glass API v1.0.0
2025-08-09 21:56:54,490 - grand_archive_api - INFO - Debug mode: True
2025-08-09 21:56:54,490 - grand_archive_api - INFO - Allowed CORS origins: ['http://localhost:3000', 'http://localhost:8080', 'https://grand-archive-looking-glass.vercel.app']
2025-08-09 21:57:39,800 - grand_archive_api - INFO - Database engine created successfully for: sqlite:///./grand_archive.db
2025-08-09 21:57:39,800 - grand_archive_api - INFO - Database session initialized successfully
2025-08-09 21:57:39,822 - grand_archive_api - INFO - Starting Grand Archive Looking Glass API v1.0.0
2025-08-09 21:57:39,822 - grand_archive_api - INFO - Debug mode: True
2025-08-09 21:57:39,822 - grand_archive_api - INFO - Allowed CORS origins: ['http://localhost:3000', 'http://localhost:8080', 'https://grand-archive-looking-glass.vercel.app']
2025-08-09 21:57:40,235 - grand_archive_api - INFO - Database engine created successfully for: sqlite:///./grand_archive.db
2025-08-09 21:57:40,235 - grand_archive_api - INFO - Database session initialized successfully
2025-08-09 21:57:40,282 - grand_archive_api - INFO - Database session initialized successfully
2025-08-09 21:57:48,350 - grand_archive_api - INFO - Database engine created successfully for: sqlite:///./grand_archive.db
2025-08-09 21:57:48,351 - grand_archive_api - INFO - Database session initialized successfully
2025-08-09 21:57:48,375 - grand_archive_api - INFO - Starting Grand Archive Looking Glass API v1.0.0
2025-08-09 21:57:48,375 - grand_archive_api - INFO - Debug mode: True
2025-08-09 21:57:48,375 - grand_archive_api - INFO - Allowed CORS origins: ['http://localhost:3000', 'http://localhost:8080', 'https://grand-archive-looking-glass.vercel.app']
2025-08-09 21:57:49,302 - grand_archive_api - INFO - Database engine created successfully for: sqlite:///./grand_archive.db
2025-08-09 21:57:49,303 - grand_archive_api - INFO - Database session initialized successfully
2025-08-09 21:57:49,357 - grand_archive_api - INFO - Database session initialized successfully
2025-08-09 21:57:54,378 - grand_archive_api - INFO - Database engine created successfully for: sqlite:///./grand_archive.db
2025-08-09 21:57:54,378 - grand_archive_api - INFO - Database session initialized successfully
2025-08-09 21:57:54,426 - grand_archive_api - INFO - Database session initialized successfully
2025-08-09 22:08:26,045 - grand_archive_api - INFO - Database engine created successfully for: sqlite:///./grand_archive.db
2025-08-09 22:08:26,046 - grand_archive_api - INFO - Database session initialized successfully
2025-08-09 22:08:26,116 - grand_archive_api - INFO - Database session initialized successfully
2025-08-09 22:08:32,086 - grand_archive_api - INFO - Database engine created successfully for: sqlite:///./grand_archive.db
2025-08-09 22:08:32,087 - grand_archive_api - INFO - Database session initialized successfully
2025-08-09 22:08:32,132 - grand_archive_api - INFO - Database session initialized successfully
2025-08-09 22:08:38,815 - grand_archive_api - INFO - Database engine created successfully for: sqlite:///./grand_archive.db
2025-08-09 22:08:38,816 - grand_archive_api - INFO - Database session initialized successfully
2025-08-09 22:08:38,861 - grand_archive_api - INFO - Database session initialized successfully
2025-08-09 22:08:59,776 - grand_archive_api - INFO - Database engine created successfully for: sqlite:///./grand_archive.db
2025-08-09 22:08:59,776 - grand_archive_api - INFO - Database session initialized successfully
2025-08-09 22:08:59,844 - grand_archive_api - INFO - Database session initialized successfully
2025-08-09 22:09:37,194 - grand_archive_api - INFO - Database engine created successfully for: sqlite:///./grand_archive.db
2025-08-09 22:09:37,195 - grand_archive_api - INFO - Database session initialized successfully
2025-08-09 22:09:37,263 - grand_archive_api - INFO - Database session initialized successfully
2025-08-09 22:09:47,174 - grand_archive_api - INFO - Database engine created successfully for: sqlite:///./grand_archive.db
2025-08-09 22:09:47,175 - grand_archive_api - INFO - Database session initialized successfully
2025-08-09 22:09:47,239 - grand_archive_api - INFO - Database session initialized successfully
2025-08-09 22:12:21,041 - grand_archive_api - INFO - Database engine created successfully for: sqlite:///./grand_archive.db
2025-08-09 22:12:21,041 - grand_archive_api - INFO - Database session initialized successfully
2025-08-09 22:12:21,082 - grand_archive_api - INFO - Starting Grand Archive Looking Glass API v1.0.0
2025-08-09 22:12:21,083 - grand_archive_api - INFO - Debug mode: True
2025-08-09 22:12:21,083 - grand_archive_api - INFO - Allowed CORS origins: ['http://localhost:3000', 'http://localhost:8080', 'https://grand-archive-looking-glass.vercel.app']
2025-08-09 22:12:22,207 - grand_archive_api - INFO - Database engine created successfully for: sqlite:///./grand_archive.db
2025-08-09 22:12:22,207 - grand_archive_api - INFO - Database session initialized successfully
2025-08-09 22:12:22,262 - grand_archive_api - INFO - Database session initialized successfully
2025-08-10 14:35:30,136 - grand_archive_api - INFO - Database engine created successfully for: sqlite:///./grand_archive.db
2025-08-10 14:35:30,136 - grand_archive_api - INFO - Database session initialized successfully
2025-08-10 14:35:30,169 - grand_archive_api - INFO - Starting Grand Archive Looking Glass API v1.0.0
2025-08-10 14:35:30,169 - grand_archive_api - INFO - Debug mode: True
2025-08-10 14:35:30,170 - grand_archive_api - INFO - Allowed CORS origins: ['http://localhost:3000', 'http://localhost:8080', 'https://grand-archive-looking-glass.vercel.app']
2025-08-10 14:35:31,125 - grand_archive_api - INFO - Database engine created successfully for: sqlite:///./grand_archive.db
2025-08-10 14:35:31,126 - grand_archive_api - INFO - Database session initialized successfully
2025-08-10 14:35:31,198 - grand_archive_api - INFO - Database session initialized successfully
2025-08-10 14:51:33,948 - grand_archive_api - INFO - Database engine created successfully for: sqlite:///./grand_archive.db
2025-08-10 14:51:33,949 - grand_archive_api - INFO - Database session initialized successfully
2025-08-10 14:51:34,128 - grand_archive_api - INFO - Database session initialized successfully
2025-08-10 15:03:37,612 - grand_archive_api - INFO - Database engine created successfully for: sqlite:///./grand_archive.db
2025-08-10 15:03:37,613 - grand_archive_api - INFO - Database session initialized successfully
2025-08-10 15:03:37,676 - grand_archive_api - INFO - Database session initialized successfully
2025-08-10 15:03:50,019 - grand_archive_api - INFO - Database engine created successfully for: sqlite:///./grand_archive.db
2025-08-10 15:03:50,020 - grand_archive_api - INFO - Database session initialized successfully
2025-08-10 15:03:50,223 - grand_archive_api - INFO - Database session initialized successfully
2025-08-10 15:04:13,277 - grand_archive_api - INFO - Database engine created successfully for: sqlite:///./grand_archive.db
2025-08-10 15:04:13,278 - grand_archive_api - INFO - Database session initialized successfully
2025-08-10 15:04:13,324 - grand_archive_api - INFO - Database session initialized successfully
2025-08-10 15:04:25,058 - grand_archive_api - INFO - Database engine created successfully for: sqlite:///./grand_archive.db
2025-08-10 15:04:25,058 - grand_archive_api - INFO - Database session initialized successfully
2025-08-10 15:04:25,973 - grand_archive_api - INFO - Database engine created successfully for: sqlite:///./grand_archive.db
2025-08-10 15:04:25,974 - grand_archive_api - INFO - Database session initialized successfully
2025-08-10 15:04:26,033 - grand_archive_api - INFO - Database session initialized successfully
2025-08-10 15:04:41,971 - grand_archive_api - INFO - Database engine created successfully for: sqlite:///./grand_archive.db
2025-08-10 15:04:41,972 - grand_archive_api - INFO - Database session initialized successfully
2025-08-10 15:04:42,022 - grand_archive_api - INFO - Database session initialized successfully
2025-08-10 15:04:54,521 - grand_archive_api - ERROR - Failed to connect to database: 'connect_timeout' is an invalid keyword argument for Connection()
2025-08-10 15:04:54,522 - grand_archive_api - ERROR - Database URL used: sqlite:///./grand_archive.db
2025-08-10 15:04:54,526 - grand_archive_api - INFO - Database session initialized successfully
2025-08-10 15:04:54,572 - grand_archive_api - INFO - Database session initialized successfully
2025-08-10 15:05:07,723 - grand_archive_api - ERROR - Failed to connect to database: 'connect_timeout' is an invalid keyword argument for Connection()
2025-08-10 15:05:07,724 - grand_archive_api - ERROR - Database URL used: sqlite:///./grand_archive.db
2025-08-10 15:05:24,949 - grand_archive_api - ERROR - Failed to connect to database: 'connect_timeout' is an invalid keyword argument for Connection()
2025-08-10 15:05:24,950 - grand_archive_api - ERROR - Database URL used: sqlite:///./grand_archive.db
2025-08-10 15:06:16,373 - grand_archive_api - ERROR - Failed to connect to database: 'connect_timeout' is an invalid keyword argument for Connection()
2025-08-10 15:06:16,374 - grand_archive_api - ERROR - Database URL used: sqlite:///./grand_archive.db
2025-08-10 15:06:20,751 - grand_archive_api - ERROR - Failed to connect to database: 'connect_timeout' is an invalid keyword argument for Connection()
2025-08-10 15:06:20,752 - grand_archive_api - ERROR - Database URL used: sqlite:///./grand_archive.db
2025-08-10 15:07:30,455 - grand_archive_api - ERROR - Failed to connect to database: 'connect_timeout' is an invalid keyword argument for Connection()
2025-08-10 15:07:30,455 - grand_archive_api - ERROR - Database URL used: sqlite:///./grand_archive.db
2025-08-10 15:11:25,648 - grand_archive_api - INFO - Database connection test successful
2025-08-10 15:11:25,648 - grand_archive_api - INFO - Database connection successful
2025-08-10 15:12:54,756 - grand_archive_api - INFO - Database connection test successful
2025-08-10 15:12:54,756 - grand_archive_api - INFO - Database connection successful
2025-08-10 15:13:28,074 - grand_archive_api - INFO - Database connection test successful
2025-08-10 15:13:28,074 - grand_archive_api - INFO - Database connection successful
2025-08-10 15:17:44,290 - grand_archive_api - INFO - Database connection test successful
2025-08-10 15:17:44,290 - grand_archive_api - INFO - Database connection successful
2025-08-10 15:18:31,219 - grand_archive_api - INFO - Database connection test successful
2025-08-10 15:18:31,219 - grand_archive_api - INFO - Database connection successful
2025-08-10 15:18:39,411 - grand_archive_api - INFO - Database connection test successful
2025-08-10 15:18:39,412 - grand_archive_api - INFO - Database connection successful
2025-08-10 15:20:33,304 - grand_archive_api - INFO - Database connection test successful
2025-08-10 15:20:33,304 - grand_archive_api - INFO - Database connection successful
2025-08-10 15:20:57,772 - grand_archive_api - INFO - Database connection test successful
2025-08-10 15:20:57,773 - grand_archive_api - INFO - Database connection successful
2025-08-10 15:22:55,076 - grand_archive_api - INFO - Database connection test successful
2025-08-10 15:22:55,077 - grand_archive_api - INFO - Database connection successful
2025-08-10 15:42:39,497 - grand_archive_api - INFO - Database connection test successful
2025-08-10 15:42:39,498 - grand_archive_api - INFO - Database connection successful
